
â•”â•â•â•â•â•â•â•â•â•â•â•â•â•â•â•â•â•â•â•â•â•â•â•â•â•â•â•â•â•â•â•â•â•â•â•â•â•â•â•â•â•â•â•â•â•â•â•â•â•â•â•â•â•â•â•â•â•â•â•â•—
â•‘         Aster Compiler Bootstrap Build System            â•‘
â•šâ•â•â•â•â•â•â•â•â•â•â•â•â•â•â•â•â•â•â•â•â•â•â•â•â•â•â•â•â•â•â•â•â•â•â•â•â•â•â•â•â•â•â•â•â•â•â•â•â•â•â•â•â•â•â•â•â•â•â•â•

[0;34m[INFO][0m Target stage: 3
[0;34m[INFO][0m Build directory: /Users/justinmiller/.openclaw/workspace/Aster-1/build/bootstrap
[0;34m[INFO][0m Reproducible builds: enabled

[0;32m==>[0m Checking prerequisites
[0;34m[INFO][0m .NET version: 10.0.103
[1;33m[WARNING][0m LLVM (llc) not found. Required for code generation in later stages.
[0;34m[INFO][0m Clang version: version
[0;32m[SUCCESS][0m Prerequisites check complete

[0;32m==>[0m Cleaning build artifacts
[0;34m[INFO][0m Removed /Users/justinmiller/.openclaw/workspace/Aster-1/build/bootstrap
[0;34m[INFO][0m Removed .NET build artifacts
[0;32m[SUCCESS][0m Clean complete

[0;32m==>[0m Building Stage 0: Seed Compiler (C#)
[0;34m[INFO][0m Building C# compiler...
  Determining projects to restore...
  Restored /Users/justinmiller/.openclaw/workspace/Aster-1/src/Aster.Compiler/Aster.Compiler.csproj (in 18 ms).
  25 of 26 projects are up-to-date for restore.
  Aster.Templates -> /Users/justinmiller/.openclaw/workspace/Aster-1/src/Aster.Templates/bin/Release/net10.0/Aster.Templates.dll
/Users/justinmiller/.openclaw/workspace/Aster-1/src/Aster.Compiler/MiddleEnd/Mir/MirLowering.cs(457,40): warning CS8604: Possible null reference argument for parameter 'value' in 'MirOperand MirOperand.Constant(object value, MirType type)'. [/Users/justinmiller/.openclaw/workspace/Aster-1/src/Aster.Compiler/Aster.Compiler.csproj]
/Users/justinmiller/.openclaw/workspace/Aster-1/src/Aster.Compiler/MiddleEnd/Mir/MirLowering.cs(461,40): warning CS8604: Possible null reference argument for parameter 'value' in 'MirOperand MirOperand.Constant(object value, MirType type)'. [/Users/justinmiller/.openclaw/workspace/Aster-1/src/Aster.Compiler/Aster.Compiler.csproj]
/Users/justinmiller/.openclaw/workspace/Aster-1/src/Aster.Compiler/MiddleEnd/Mir/MirLowering.cs(467,40): warning CS8604: Possible null reference argument for parameter 'value' in 'MirOperand MirOperand.Constant(object value, MirType type)'. [/Users/justinmiller/.openclaw/workspace/Aster-1/src/Aster.Compiler/Aster.Compiler.csproj]
/Users/justinmiller/.openclaw/workspace/Aster-1/src/Aster.Compiler/MiddleEnd/Mir/MirLowering.cs(471,40): warning CS8604: Possible null reference argument for parameter 'value' in 'MirOperand MirOperand.Constant(object value, MirType type)'. [/Users/justinmiller/.openclaw/workspace/Aster-1/src/Aster.Compiler/Aster.Compiler.csproj]
  Aster.Compiler.Incremental -> /Users/justinmiller/.openclaw/workspace/Aster-1/src/Aster.Compiler.Incremental/bin/Release/net10.0/Aster.Compiler.Incremental.dll
  Aster.Release -> /Users/justinmiller/.openclaw/workspace/Aster-1/src/Aster.Release/bin/Release/net10.0/Aster.Release.dll
  Aster.Compiler -> /Users/justinmiller/.openclaw/workspace/Aster-1/src/Aster.Compiler/bin/Release/net10.0/Aster.Compiler.dll
  Aster.Compiler.Codegen -> /Users/justinmiller/.openclaw/workspace/Aster-1/src/Aster.Compiler.Codegen/bin/Release/net10.0/Aster.Compiler.Codegen.dll
  Aster.Testing -> /Users/justinmiller/.openclaw/workspace/Aster-1/src/Aster.Testing/bin/Release/net10.0/Aster.Testing.dll
  Aster.Workspaces -> /Users/justinmiller/.openclaw/workspace/Aster-1/src/Aster.Workspaces/bin/Release/net10.0/Aster.Workspaces.dll
  Aster.Compiler.Analysis -> /Users/justinmiller/.openclaw/workspace/Aster-1/src/Aster.Compiler.Analysis/bin/Release/net10.0/Aster.Compiler.Analysis.dll
  Aster.DocGen -> /Users/justinmiller/.openclaw/workspace/Aster-1/src/Aster.DocGen/bin/Release/net10.0/Aster.DocGen.dll
  Aster.Compiler.Tests -> /Users/justinmiller/.openclaw/workspace/Aster-1/tests/Aster.Compiler.Tests/bin/Release/net10.0/Aster.Compiler.Tests.dll
  Aster.Compiler.PerfTests -> /Users/justinmiller/.openclaw/workspace/Aster-1/tests/Aster.Compiler.PerfTests/bin/Release/net10.0/Aster.Compiler.PerfTests.dll
  Aster.Packages -> /Users/justinmiller/.openclaw/workspace/Aster-1/src/Aster.Packages/bin/Release/net10.0/Aster.Packages.dll
  Aster.Formatter -> /Users/justinmiller/.openclaw/workspace/Aster-1/src/Aster.Formatter/bin/Release/net10.0/Aster.Formatter.dll
  Aster.Linter -> /Users/justinmiller/.openclaw/workspace/Aster-1/src/Aster.Linter/bin/Release/net10.0/Aster.Linter.dll
  Aster.Compiler.Optimizations -> /Users/justinmiller/.openclaw/workspace/Aster-1/src/Aster.Compiler.Optimizations/bin/Release/net10.0/Aster.Compiler.Optimizations.dll
  Aster.Lsp -> /Users/justinmiller/.openclaw/workspace/Aster-1/src/Aster.Lsp/bin/Release/net10.0/Aster.Lsp.dll
  Aster.Cli.Diagnostics -> /Users/justinmiller/.openclaw/workspace/Aster-1/src/Aster.Cli.Diagnostics/bin/Debug/net10.0/Aster.Cli.Diagnostics.dll
  Aster.Compiler.Observability -> /Users/justinmiller/.openclaw/workspace/Aster-1/src/Aster.Compiler.Observability/bin/Debug/net10.0/Aster.Compiler.Observability.dll
  Aster.Compiler.Differential -> /Users/justinmiller/.openclaw/workspace/Aster-1/src/Aster.Compiler.Differential/bin/Debug/net10.0/Aster.Compiler.Differential.dll
  Aster.Compiler.Fuzzing -> /Users/justinmiller/.openclaw/workspace/Aster-1/src/Aster.Compiler.Fuzzing/bin/Debug/net10.0/Aster.Compiler.Fuzzing.dll
  Aster.Compiler.Reducers -> /Users/justinmiller/.openclaw/workspace/Aster-1/src/Aster.Compiler.Reducers/bin/Debug/net10.0/Aster.Compiler.Reducers.dll
  Aster.Compiler.MidEnd -> /Users/justinmiller/.openclaw/workspace/Aster-1/src/Aster.Compiler.MidEnd/bin/Release/net10.0/Aster.Compiler.MidEnd.dll
  Aster.Compiler.Telemetry -> /Users/justinmiller/.openclaw/workspace/Aster-1/src/Aster.Compiler.Telemetry/bin/Debug/net10.0/Aster.Compiler.Telemetry.dll
  Aster.Tooling.Tests -> /Users/justinmiller/.openclaw/workspace/Aster-1/tests/Aster.Tooling.Tests/bin/Release/net10.0/Aster.Tooling.Tests.dll
  Aster.Compiler.OptimizationTests -> /Users/justinmiller/.openclaw/workspace/Aster-1/tests/Aster.Compiler.OptimizationTests/bin/Release/net10.0/Aster.Compiler.OptimizationTests.dll
  Aster.CLI -> /Users/justinmiller/.openclaw/workspace/Aster-1/src/Aster.CLI/bin/Release/net10.0/Aster.CLI.dll

Build succeeded.

/Users/justinmiller/.openclaw/workspace/Aster-1/src/Aster.Compiler/MiddleEnd/Mir/MirLowering.cs(457,40): warning CS8604: Possible null reference argument for parameter 'value' in 'MirOperand MirOperand.Constant(object value, MirType type)'. [/Users/justinmiller/.openclaw/workspace/Aster-1/src/Aster.Compiler/Aster.Compiler.csproj]
/Users/justinmiller/.openclaw/workspace/Aster-1/src/Aster.Compiler/MiddleEnd/Mir/MirLowering.cs(461,40): warning CS8604: Possible null reference argument for parameter 'value' in 'MirOperand MirOperand.Constant(object value, MirType type)'. [/Users/justinmiller/.openclaw/workspace/Aster-1/src/Aster.Compiler/Aster.Compiler.csproj]
/Users/justinmiller/.openclaw/workspace/Aster-1/src/Aster.Compiler/MiddleEnd/Mir/MirLowering.cs(467,40): warning CS8604: Possible null reference argument for parameter 'value' in 'MirOperand MirOperand.Constant(object value, MirType type)'. [/Users/justinmiller/.openclaw/workspace/Aster-1/src/Aster.Compiler/Aster.Compiler.csproj]
/Users/justinmiller/.openclaw/workspace/Aster-1/src/Aster.Compiler/MiddleEnd/Mir/MirLowering.cs(471,40): warning CS8604: Possible null reference argument for parameter 'value' in 'MirOperand MirOperand.Constant(object value, MirType type)'. [/Users/justinmiller/.openclaw/workspace/Aster-1/src/Aster.Compiler/Aster.Compiler.csproj]
    4 Warning(s)
    0 Error(s)

Time Elapsed 00:00:03.08
[0;32m[SUCCESS][0m Stage 0 built successfully
[0;34m[INFO][0m Stage 0 binary: /Users/justinmiller/.openclaw/workspace/Aster-1/build/bootstrap/stage0/Aster.CLI.dll

[0;32m==>[0m Building Stage 1: Minimal Aster Compiler
[0;34m[INFO][0m Compiling Aster compiler source with aster0 (Stage 0)...
[0;34m[INFO][0m Compiling self-contained entry point: main.ast
[0;34m[INFO][0m Running: dotnet /Users/justinmiller/.openclaw/workspace/Aster-1/build/bootstrap/stage0/Aster.CLI.dll build --stage1 -o /Users/justinmiller/.openclaw/workspace/Aster-1/build/bootstrap/stage1/aster1
Compiled 1 file(s) -> /Users/justinmiller/.openclaw/workspace/Aster-1/build/bootstrap/stage1/aster1 [Stage1 mode]
[0;32m[SUCCESS][0m Stage 1 built successfully
[0;34m[INFO][0m Stage 1 binary: /Users/justinmiller/.openclaw/workspace/Aster-1/build/bootstrap/stage1/aster1

[0;32m==>[0m Building Stage 2: Expanded Aster Compiler
[0;34m[INFO][0m Compiling Stage 2 with aster1...
[0;34m[INFO][0m Found       10 Stage 2 source files
Compiled 10 file(s) -> /Users/justinmiller/.openclaw/workspace/Aster-1/build/bootstrap/stage2/aster2 [Stage1 mode]
[0;32m[SUCCESS][0m Stage 2 built successfully
[0;34m[INFO][0m Stage 2 binary: /Users/justinmiller/.openclaw/workspace/Aster-1/build/bootstrap/stage2/aster2

[0;32m==>[0m Building Stage 3: Full Aster Compiler
[0;34m[INFO][0m Compiling Stage 3 with aster2...
[0;34m[INFO][0m Found        9 Stage 3 source files
/Users/justinmiller/.openclaw/workspace/Aster-1/aster/compiler/stage3/cfg.ast:12:17
error[E0202]: Undefined type 'Vec'
/Users/justinmiller/.openclaw/workspace/Aster-1/aster/compiler/stage3/cfg.ast:14:19
error[E0202]: Undefined type 'Vec'
/Users/justinmiller/.openclaw/workspace/Aster-1/aster/compiler/stage3/cfg.ast:15:17
error[E0202]: Undefined type 'Vec'
/Users/justinmiller/.openclaw/workspace/Aster-1/aster/compiler/stage3/cfg.ast:19:12
error[E0202]: Undefined type 'Operand'
/Users/justinmiller/.openclaw/workspace/Aster-1/aster/compiler/stage3/cfg.ast:21:8
error[E0202]: Undefined type 'Operand'
/Users/justinmiller/.openclaw/workspace/Aster-1/aster/compiler/stage3/cfg.ast:22:12
error[E0202]: Undefined type 'Operand'
/Users/justinmiller/.openclaw/workspace/Aster-1/aster/compiler/stage3/cfg.ast:22:21
error[E0202]: Undefined type 'Vec'
/Users/justinmiller/.openclaw/workspace/Aster-1/aster/compiler/stage3/cfg.ast:27:12
error[E0202]: Undefined type 'Place'
/Users/justinmiller/.openclaw/workspace/Aster-1/aster/compiler/stage3/cfg.ast:27:19
error[E0202]: Undefined type 'Rvalue'
/Users/justinmiller/.openclaw/workspace/Aster-1/aster/compiler/stage3/cfg.ast:28:17
error[E0202]: Undefined type 'Local'
/Users/justinmiller/.openclaw/workspace/Aster-1/aster/compiler/stage3/cfg.ast:29:17
error[E0202]: Undefined type 'Local'
/Users/justinmiller/.openclaw/workspace/Aster-1/aster/compiler/stage3/cfg.ast:34:13
error[E0202]: Undefined type 'Vec'
/Users/justinmiller/.openclaw/workspace/Aster-1/aster/compiler/stage3/cfg.ast:75:19
error[E0202]: Undefined type 'AST'
/Users/justinmiller/.openclaw/workspace/Aster-1/aster/compiler/stage3/cfg.ast:75:28
error[E0202]: Undefined type 'Result'
/Users/justinmiller/.openclaw/workspace/Aster-1/aster/compiler/stage3/cfg.ast:91:5
error[E0201]: Undefined symbol 'Ok'
/Users/justinmiller/.openclaw/workspace/Aster-1/aster/compiler/stage3/cfg.ast:94:44
error[E0202]: Undefined type 'Function'
/Users/justinmiller/.openclaw/workspace/Aster-1/aster/compiler/stage3/cfg.ast:94:58
error[E0202]: Undefined type 'Result'
/Users/justinmiller/.openclaw/workspace/Aster-1/aster/compiler/stage3/cfg.ast:107:5
error[E0201]: Undefined symbol 'Ok'
/Users/justinmiller/.openclaw/workspace/Aster-1/aster/compiler/stage3/cfg.ast:110:45
error[E0202]: Undefined type 'Stmt'
/Users/justinmiller/.openclaw/workspace/Aster-1/aster/compiler/stage3/cfg.ast:110:69
error[E0202]: Undefined type 'Result'
